# JRE version: OpenJDK Runtime Environment (8.0_76-b03) (build 1.8.0_76-release-b03)
# Java VM: OpenJDK 64-Bit Server VM (25.76-b03 mixed mode windows-amd64 compressed oops)
Heap:
 PSYoungGen      total 383488K, used 103070K [0x00000000e0000000, 0x0000000100000000, 0x0000000100000000)
  eden space 355840K, 26% used [0x00000000e0000000,0x00000000e5cec8b0,0x00000000f5b80000)
  from space 27648K, 28% used [0x00000000f7600000,0x00000000f7dbb178,0x00000000f9100000)
  to   space 27136K, 0% used [0x00000000f5b80000,0x00000000f5b80000,0x00000000f7600000)
 ParOldGen       total 72192K, used 52141K [0x00000000a0000000, 0x00000000a4680000, 0x00000000e0000000)
  object space 72192K, 72% used [0x00000000a0000000,0x00000000a32eb568,0x00000000a4680000)
 Metaspace       used 60785K, capacity 63642K, committed 63792K, reserved 1103872K
  class space    used 8130K, capacity 8730K, committed 8752K, reserved 1048576K
GC Heap History (10 events):
Event: 9.172 GC heap before
{Heap before GC invocations=9 (full 2):
 PSYoungGen      total 216576K, used 203776K [0x00000000e0000000, 0x00000000f0180000, 0x0000000100000000)
  eden space 203776K, 100% used [0x00000000e0000000,0x00000000ec700000,0x00000000ec700000)
  from space 12800K, 0% used [0x00000000ed380000,0x00000000ed380000,0x00000000ee000000)
  to   space 12800K, 0% used [0x00000000ec700000,0x00000000ec700000,0x00000000ed380000)
 ParOldGen       total 72192K, used 16804K [0x00000000a0000000, 0x00000000a4680000, 0x00000000e0000000)
  object space 72192K, 23% used [0x00000000a0000000,0x00000000a10693a8,0x00000000a4680000)
 Metaspace       used 43630K, capacity 44690K, committed 44848K, reserved 1087488K
  class space    used 5819K, capacity 6097K, committed 6192K, reserved 1048576K
Event: 9.187 GC heap after
Heap after GC invocations=9 (full 2):
 PSYoungGen      total 216576K, used 12780K [0x00000000e0000000, 0x00000000f8000000, 0x0000000100000000)
  eden space 203776K, 0% used [0x00000000e0000000,0x00000000e0000000,0x00000000ec700000)
  from space 12800K, 99% used [0x00000000ec700000,0x00000000ed37b0a8,0x00000000ed380000)
  to   space 15360K, 0% used [0x00000000f7100000,0x00000000f7100000,0x00000000f8000000)
 ParOldGen       total 72192K, used 18528K [0x00000000a0000000, 0x00000000a4680000, 0x00000000e0000000)
  object space 72192K, 25% used [0x00000000a0000000,0x00000000a1218058,0x00000000a4680000)
 Metaspace       used 43630K, capacity 44690K, committed 44848K, reserved 1087488K
  class space    used 5819K, capacity 6097K, committed 6192K, reserved 1048576K
}
Event: 10.774 GC heap before
{Heap before GC invocations=10 (full 2):
 PSYoungGen      total 216576K, used 216556K [0x00000000e0000000, 0x00000000f8000000, 0x0000000100000000)
  eden space 203776K, 100% used [0x00000000e0000000,0x00000000ec700000,0x00000000ec700000)
  from space 12800K, 99% used [0x00000000ec700000,0x00000000ed37b0a8,0x00000000ed380000)
  to   space 15360K, 0% used [0x00000000f7100000,0x00000000f7100000,0x00000000f8000000)
 ParOldGen       total 72192K, used 18528K [0x00000000a0000000, 0x00000000a4680000, 0x00000000e0000000)
  object space 72192K, 25% used [0x00000000a0000000,0x00000000a1218058,0x00000000a4680000)
 Metaspace       used 52247K, capacity 53844K, committed 54064K, reserved 1095680K
  class space    used 7006K, capacity 7358K, committed 7472K, reserved 1048576K
Event: 10.811 GC heap after
Heap after GC invocations=10 (full 2):
 PSYoungGen      total 370688K, used 15345K [0x00000000e0000000, 0x00000000f8700000, 0x0000000100000000)
  eden space 355328K, 0% used [0x00000000e0000000,0x00000000e0000000,0x00000000f5b00000)
  from space 15360K, 99% used [0x00000000f7100000,0x00000000f7ffc6d8,0x00000000f8000000)
  to   space 22528K, 0% used [0x00000000f5b00000,0x00000000f5b00000,0x00000000f7100000)
 ParOldGen       total 72192K, used 31206K [0x00000000a0000000, 0x00000000a4680000, 0x00000000e0000000)
  object space 72192K, 43% used [0x00000000a0000000,0x00000000a1e79b50,0x00000000a4680000)
 Metaspace       used 52247K, capacity 53844K, committed 54064K, reserved 1095680K
  class space    used 7006K, capacity 7358K, committed 7472K, reserved 1048576K
}
Event: 11.318 GC heap before
{Heap before GC invocations=11 (full 2):
 PSYoungGen      total 370688K, used 102765K [0x00000000e0000000, 0x00000000f8700000, 0x0000000100000000)
  eden space 355328K, 24% used [0x00000000e0000000,0x00000000e555f080,0x00000000f5b00000)
  from space 15360K, 99% used [0x00000000f7100000,0x00000000f7ffc6d8,0x00000000f8000000)
  to   space 22528K, 0% used [0x00000000f5b00000,0x00000000f5b00000,0x00000000f7100000)
 ParOldGen       total 72192K, used 31206K [0x00000000a0000000, 0x00000000a4680000, 0x00000000e0000000)
  object space 72192K, 43% used [0x00000000a0000000,0x00000000a1e79b50,0x00000000a4680000)
 Metaspace       used 54505K, capacity 56742K, committed 56880K, reserved 1097728K
  class space    used 7419K, capacity 7962K, committed 7984K, reserved 1048576K
Event: 11.439 GC heap after
Heap after GC invocations=11 (full 2):
 PSYoungGen      total 377856K, used 22498K [0x00000000e0000000, 0x00000000f9100000, 0x0000000100000000)
  eden space 355328K, 0% used [0x00000000e0000000,0x00000000e0000000,0x00000000f5b00000)
  from space 22528K, 99% used [0x00000000f5b00000,0x00000000f70f89b8,0x00000000f7100000)
  to   space 27648K, 0% used [0x00000000f7600000,0x00000000f7600000,0x00000000f9100000)
 ParOldGen       total 72192K, used 35705K [0x00000000a0000000, 0x00000000a4680000, 0x00000000e0000000)
  object space 72192K, 49% used [0x00000000a0000000,0x00000000a22de5c0,0x00000000a4680000)
 Metaspace       used 54505K, capacity 56742K, committed 56880K, reserved 1097728K
  class space    used 7419K, capacity 7962K, committed 7984K, reserved 1048576K
}
Event: 11.439 GC heap before
{Heap before GC invocations=12 (full 3):
 PSYoungGen      total 377856K, used 22498K [0x00000000e0000000, 0x00000000f9100000, 0x0000000100000000)
  eden space 355328K, 0% used [0x00000000e0000000,0x00000000e0000000,0x00000000f5b00000)
  from space 22528K, 99% used [0x00000000f5b00000,0x00000000f70f89b8,0x00000000f7100000)
  to   space 27648K, 0% used [0x00000000f7600000,0x00000000f7600000,0x00000000f9100000)
 ParOldGen       total 72192K, used 35705K [0x00000000a0000000, 0x00000000a4680000, 0x00000000e0000000)
  object space 72192K, 49% used [0x00000000a0000000,0x00000000a22de5c0,0x00000000a4680000)
 Metaspace       used 54505K, capacity 56742K, committed 56880K, reserved 1097728K
  class space    used 7419K, capacity 7962K, committed 7984K, reserved 1048576K
Event: 11.673 GC heap after
Heap after GC invocations=12 (full 3):
 PSYoungGen      total 377856K, used 0K [0x00000000e0000000, 0x00000000f9100000, 0x0000000100000000)
  eden space 355328K, 0% used [0x00000000e0000000,0x00000000e0000000,0x00000000f5b00000)
  from space 22528K, 0% used [0x00000000f5b00000,0x00000000f5b00000,0x00000000f7100000)
  to   space 27648K, 0% used [0x00000000f7600000,0x00000000f7600000,0x00000000f9100000)
 ParOldGen       total 72192K, used 52133K [0x00000000a0000000, 0x00000000a4680000, 0x00000000e0000000)
  object space 72192K, 72% used [0x00000000a0000000,0x00000000a32e9568,0x00000000a4680000)
 Metaspace       used 54505K, capacity 56742K, committed 56880K, reserved 1097728K
  class space    used 7419K, capacity 7962K, committed 7984K, reserved 1048576K
}
Event: 488.043 GC heap before
{Heap before GC invocations=13 (full 3):
 PSYoungGen      total 377856K, used 355328K [0x00000000e0000000, 0x00000000f9100000, 0x0000000100000000)
  eden space 355328K, 100% used [0x00000000e0000000,0x00000000f5b00000,0x00000000f5b00000)
  from space 22528K, 0% used [0x00000000f5b00000,0x00000000f5b00000,0x00000000f7100000)
  to   space 27648K, 0% used [0x00000000f7600000,0x00000000f7600000,0x00000000f9100000)
 ParOldGen       total 72192K, used 52133K [0x00000000a0000000, 0x00000000a4680000, 0x00000000e0000000)
  object space 72192K, 72% used [0x00000000a0000000,0x00000000a32e9568,0x00000000a4680000)
 Metaspace       used 57455K, capacity 60220K, committed 60336K, reserved 1101824K
  class space    used 7728K, capacity 8317K, committed 8368K, reserved 1048576K
Event: 488.139 GC heap after
Heap after GC invocations=13 (full 3):
 PSYoungGen      total 383488K, used 7916K [0x00000000e0000000, 0x0000000100000000, 0x0000000100000000)
  eden space 355840K, 0% used [0x00000000e0000000,0x00000000e0000000,0x00000000f5b80000)
  from space 27648K, 28% used [0x00000000f7600000,0x00000000f7dbb178,0x00000000f9100000)
  to   space 27136K, 0% used [0x00000000f5b80000,0x00000000f5b80000,0x00000000f7600000)
 ParOldGen       total 72192K, used 52141K [0x00000000a0000000, 0x00000000a4680000, 0x00000000e0000000)
  object space 72192K, 72% used [0x00000000a0000000,0x00000000a32eb568,0x00000000a4680000)
 Metaspace       used 57455K, capacity 60220K, committed 60336K, reserved 1101824K
  class space    used 7728K, capacity 8317K, committed 8368K, reserved 1048576K
}

